<?xml version="1.0" encoding="UTF-8"?>
<!-- Generated by org.testng.reporters.JUnitReportReporter -->
<testsuite hostname="bb-system-3161" failures="0" tests="2" name="com.testcases.APIDemosTest" time="37.376" errors="1" timestamp="2023-01-31T02:10:44 IST" skipped="1">
  <testcase classname="com.testcases.APIDemosTest" name="testAPIDemo" time="37.376">
    <error message="Unable to create a new remote session. Please check the server log for more details. Original error: An unknown server-side error occurred while processing the command. Original error: Cannot start the &#039;io.appium.android.apis&#039; application. Consider checking the driver&#039;s troubleshooting documentation. Original error: Cannot start the &#039;io.appium.android.apis&#039; application. Consider checking the driver&#039;s troubleshooting documentation. Original error: &#039;ApiDemos&#039; or &#039;io.appium.android.apis.ApiDemos&#039; never started. Consider checking the driver&#039;s troubleshooting documentation.
Build info: version: &#039;3.141.59&#039;, revision: &#039;e82be7d358&#039;, time: &#039;2018-11-14T08:17:03&#039;
System info: host: &#039;bb-system-3161&#039;, ip: &#039;192.168.1.5&#039;, os.name: &#039;Mac OS X&#039;, os.arch: &#039;aarch64&#039;, os.version: &#039;13.2&#039;, java.version: &#039;11.0.17&#039;
Driver info: driver.version: Driver
remote stacktrace: UnknownError: An unknown server-side error occurred while processing the command. Original error: Cannot start the &#039;io.appium.android.apis&#039; application. Consider checking the driver&#039;s troubleshooting documentation. Original error: Cannot start the &#039;io.appium.android.apis&#039; application. Consider checking the driver&#039;s troubleshooting documentation. Original error: &#039;ApiDemos&#039; or &#039;io.appium.android.apis.ApiDemos&#039; never started. Consider checking the driver&#039;s troubleshooting documentation.
    at getResponseForW3CError (/opt/homebrew/lib/node_modules/appium/node_modules/@appium/base-driver/lib/protocol/errors.js:1067:9)
    at asyncHandler (/opt/homebrew/lib/node_modules/appium/node_modules/@appium/base-driver/lib/protocol/protocol.js:476:57)
Build info: version: &#039;3.141.59&#039;, revision: &#039;e82be7d358&#039;, time: &#039;2018-11-14T08:17:03&#039;
System info: host: &#039;bb-system-3161&#039;, ip: &#039;192.168.1.5&#039;, os.name: &#039;Mac OS X&#039;, os.arch: &#039;aarch64&#039;, os.version: &#039;13.2&#039;, java.version: &#039;11.0.17&#039;
Driver info: driver.version: Driver" type="org.openqa.selenium.SessionNotCreatedException">
      <![CDATA[org.openqa.selenium.SessionNotCreatedException: Unable to create a new remote session. Please check the server log for more details. Original error: An unknown server-side error occurred while processing the command. Original error: Cannot start the 'io.appium.android.apis' application. Consider checking the driver's troubleshooting documentation. Original error: Cannot start the 'io.appium.android.apis' application. Consider checking the driver's troubleshooting documentation. Original error: 'ApiDemos' or 'io.appium.android.apis.ApiDemos' never started. Consider checking the driver's troubleshooting documentation.
Build info: version: '3.141.59', revision: 'e82be7d358', time: '2018-11-14T08:17:03'
System info: host: 'bb-system-3161', ip: '192.168.1.5', os.name: 'Mac OS X', os.arch: 'aarch64', os.version: '13.2', java.version: '11.0.17'
Driver info: driver.version: Driver
remote stacktrace: UnknownError: An unknown server-side error occurred while processing the command. Original error: Cannot start the 'io.appium.android.apis' application. Consider checking the driver's troubleshooting documentation. Original error: Cannot start the 'io.appium.android.apis' application. Consider checking the driver's troubleshooting documentation. Original error: 'ApiDemos' or 'io.appium.android.apis.ApiDemos' never started. Consider checking the driver's troubleshooting documentation.
    at getResponseForW3CError (/opt/homebrew/lib/node_modules/appium/node_modules/@appium/base-driver/lib/protocol/errors.js:1067:9)
    at asyncHandler (/opt/homebrew/lib/node_modules/appium/node_modules/@appium/base-driver/lib/protocol/protocol.js:476:57)
Build info: version: '3.141.59', revision: 'e82be7d358', time: '2018-11-14T08:17:03'
System info: host: 'bb-system-3161', ip: '192.168.1.5', os.name: 'Mac OS X', os.arch: 'aarch64', os.version: '13.2', java.version: '11.0.17'
Driver info: driver.version: Driver
at io.appium.java_client.remote.AppiumCommandExecutor$1.createSession(AppiumCommandExecutor.java:216)
at io.appium.java_client.remote.AppiumCommandExecutor.createSession(AppiumCommandExecutor.java:225)
at io.appium.java_client.remote.AppiumCommandExecutor.execute(AppiumCommandExecutor.java:250)
at org.openqa.selenium.remote.RemoteWebDriver.execute(RemoteWebDriver.java:552)
at io.appium.java_client.DefaultGenericMobileDriver.execute(DefaultGenericMobileDriver.java:41)
at io.appium.java_client.AppiumDriver.execute(AppiumDriver.java:1)
at io.appium.java_client.android.AndroidDriver.execute(AndroidDriver.java:1)
at org.openqa.selenium.remote.RemoteWebDriver.startSession(RemoteWebDriver.java:213)
at io.appium.java_client.AppiumDriver.startSession(AppiumDriver.java:363)
at org.openqa.selenium.remote.RemoteWebDriver.<init>(RemoteWebDriver.java:131)
at io.appium.java_client.DefaultGenericMobileDriver.<init>(DefaultGenericMobileDriver.java:37)
at io.appium.java_client.AppiumDriver.<init>(AppiumDriver.java:89)
at io.appium.java_client.AppiumDriver.<init>(AppiumDriver.java:99)
at io.appium.java_client.android.AndroidDriver.<init>(AndroidDriver.java:97)
at com.driver.Driver.<init>(Driver.java:70)
at com.driver.Driver.initialize(Driver.java:117)
at com.testcases.APIDemosTest.testAPIDemo(APIDemosTest.java:26)
at java.base/jdk.internal.reflect.NativeMethodAccessorImpl.invoke0(Native Method)
at java.base/jdk.internal.reflect.NativeMethodAccessorImpl.invoke(NativeMethodAccessorImpl.java:62)
at java.base/jdk.internal.reflect.DelegatingMethodAccessorImpl.invoke(DelegatingMethodAccessorImpl.java:43)
at java.base/java.lang.reflect.Method.invoke(Method.java:566)
at org.testng.internal.MethodInvocationHelper.invokeMethod(MethodInvocationHelper.java:133)
at org.testng.internal.TestInvoker.invokeMethod(TestInvoker.java:598)
at org.testng.internal.TestInvoker.invokeTestMethod(TestInvoker.java:173)
at org.testng.internal.TestMethodWithDataProviderMethodWorker.call(TestMethodWithDataProviderMethodWorker.java:77)
at org.testng.internal.TestMethodWithDataProviderMethodWorker.call(TestMethodWithDataProviderMethodWorker.java:15)
at java.base/java.util.concurrent.FutureTask.run(FutureTask.java:264)
at java.base/java.util.concurrent.Executors$RunnableAdapter.call(Executors.java:515)
at java.base/java.util.concurrent.FutureTask.run(FutureTask.java:264)
at java.base/java.util.concurrent.ThreadPoolExecutor.runWorker(ThreadPoolExecutor.java:1128)
at java.base/java.util.concurrent.ThreadPoolExecutor$Worker.run(ThreadPoolExecutor.java:628)
at java.base/java.lang.Thread.run(Thread.java:834)
Caused by: java.lang.reflect.InvocationTargetException
at java.base/jdk.internal.reflect.NativeMethodAccessorImpl.invoke0(Native Method)
at java.base/jdk.internal.reflect.NativeMethodAccessorImpl.invoke(NativeMethodAccessorImpl.java:62)
at java.base/jdk.internal.reflect.DelegatingMethodAccessorImpl.invoke(DelegatingMethodAccessorImpl.java:43)
at java.base/java.lang.reflect.Method.invoke(Method.java:566)
at io.appium.java_client.remote.AppiumCommandExecutor$1.createSession(AppiumCommandExecutor.java:193)
... 31 more
Caused by: org.openqa.selenium.WebDriverException: An unknown server-side error occurred while processing the command. Original error: Cannot start the 'io.appium.android.apis' application. Consider checking the driver's troubleshooting documentation. Original error: Cannot start the 'io.appium.android.apis' application. Consider checking the driver's troubleshooting documentation. Original error: 'ApiDemos' or 'io.appium.android.apis.ApiDemos' never started. Consider checking the driver's troubleshooting documentation.
Build info: version: '3.141.59', revision: 'e82be7d358', time: '2018-11-14T08:17:03'
System info: host: 'bb-system-3161', ip: '192.168.1.5', os.name: 'Mac OS X', os.arch: 'aarch64', os.version: '13.2', java.version: '11.0.17'
Driver info: driver.version: Driver
remote stacktrace: UnknownError: An unknown server-side error occurred while processing the command. Original error: Cannot start the 'io.appium.android.apis' application. Consider checking the driver's troubleshooting documentation. Original error: Cannot start the 'io.appium.android.apis' application. Consider checking the driver's troubleshooting documentation. Original error: 'ApiDemos' or 'io.appium.android.apis.ApiDemos' never started. Consider checking the driver's troubleshooting documentation.
    at getResponseForW3CError (/opt/homebrew/lib/node_modules/appium/node_modules/@appium/base-driver/lib/protocol/errors.js:1067:9)
    at asyncHandler (/opt/homebrew/lib/node_modules/appium/node_modules/@appium/base-driver/lib/protocol/protocol.js:476:57)
at java.base/jdk.internal.reflect.NativeConstructorAccessorImpl.newInstance0(Native Method)
at java.base/jdk.internal.reflect.NativeConstructorAccessorImpl.newInstance(NativeConstructorAccessorImpl.java:62)
at java.base/jdk.internal.reflect.DelegatingConstructorAccessorImpl.newInstance(DelegatingConstructorAccessorImpl.java:45)
at java.base/java.lang.reflect.Constructor.newInstance(Constructor.java:490)
at org.openqa.selenium.remote.W3CHandshakeResponse.lambda$errorHandler$0(W3CHandshakeResponse.java:62)
at org.openqa.selenium.remote.HandshakeResponse.lambda$getResponseFunction$0(HandshakeResponse.java:30)
at org.openqa.selenium.remote.ProtocolHandshake.lambda$createSession$0(ProtocolHandshake.java:126)
at java.base/java.util.stream.ReferencePipeline$3$1.accept(ReferencePipeline.java:195)
at java.base/java.util.Spliterators$ArraySpliterator.tryAdvance(Spliterators.java:958)
at java.base/java.util.stream.ReferencePipeline.forEachWithCancel(ReferencePipeline.java:127)
at java.base/java.util.stream.AbstractPipeline.copyIntoWithCancel(AbstractPipeline.java:502)
at java.base/java.util.stream.AbstractPipeline.copyInto(AbstractPipeline.java:488)
at java.base/java.util.stream.AbstractPipeline.wrapAndCopyInto(AbstractPipeline.java:474)
at java.base/java.util.stream.FindOps$FindOp.evaluateSequential(FindOps.java:150)
at java.base/java.util.stream.AbstractPipeline.evaluate(AbstractPipeline.java:234)
at java.base/java.util.stream.ReferencePipeline.findFirst(ReferencePipeline.java:543)
at org.openqa.selenium.remote.ProtocolHandshake.createSession(ProtocolHandshake.java:128)
... 36 more
]]>
    </error>
  </testcase> <!-- testAPIDemo -->
  <system-out/>
  <testcase classname="com.testcases.APIDemosTest" name="testAPIScroll">
    <skipped/>
  </testcase> <!-- testAPIScroll -->
  <system-out/>
</testsuite> <!-- com.testcases.APIDemosTest -->
